<component name="libraryTable">
  <library name="junit">
    <CLASSES />
    <JAVADOC />
    <SOURCES>
      <root url="file://$PROJECT_DIR$/junit" />
    </SOURCES>
  </library>
</component>